<?xml version="1.0" encoding="UTF-8"?>
<!-- Generated by org.testng.reporters.JUnitReportReporter -->
<testsuite hostname="DESKTOP-493EAAE" failures="0" tests="2" name="makemytrip.Makemytrip_launch_test" time="16.538" errors="0" timestamp="2022-04-14T19:31:10 IST" skipped="0">
  <testcase classname="makemytrip.Makemytrip_launch_test" name="SendValidNumber_Test01" time="5.146"/>
  <system-out>
    <![CDATA[Testcase SendValidNumber_Test01 started successfully
Testcase SendValidNumber_Test01 passed successfully]]>
  </system-out>
  <testcase classname="makemytrip.Makemytrip_launch_test" name="SendINValidNumber_Test02" time="11.392"/>
  <system-out>
    <![CDATA[Testcase SendINValidNumber_Test02 started successfully
Testcase SendINValidNumber_Test02 passed successfully]]>
  </system-out>
</testsuite> <!-- makemytrip.Makemytrip_launch_test -->
